<?xml version="1.0" encoding="UTF-8"?>
<!-- Generated by org.testng.reporters.JUnitXMLReporter -->
<testsuite ignored="7" hostname="DESKTOP-D82O3N0" failures="0" tests="7" name="Test" time="107.891" errors="0" timestamp="2023-09-24T11:57:41 IST">
  <testcase classname="testpkg.HomepageTest" name="homeTest" time="1.104"/>
  <testcase classname="testpkg.RegistrationTest" name="register" time="15.157"/>
  <testcase classname="testpkg.LoginTest" name="login" time="23.767"/>
  <testcase classname="testpkg.ProductsearchTest" name="seraching" time="24.519"/>
  <testcase classname="testpkg.CheckoutTest" name="checkingOut" time="15.327"/>
  <testcase classname="testpkg.LinkValidationTest" name="linkVerification" time="9.566"/>
  <testcase classname="testpkg.ScreenshotTest" name="testScrnShot" time="1.226"/>
  <testcase classname="basepkg.Basecls" name="@BeforeTest setUp" time="0.0">
    <ignored/>
  </testcase> <!-- @BeforeTest setUp -->
  <testcase classname="basepkg.Basecls" name="@BeforeTest setUp" time="0.0">
    <ignored/>
  </testcase> <!-- @BeforeTest setUp -->
  <testcase classname="basepkg.Basecls" name="@BeforeTest setUp" time="0.0">
    <ignored/>
  </testcase> <!-- @BeforeTest setUp -->
  <testcase classname="basepkg.Basecls" name="@BeforeTest setUp" time="0.0">
    <ignored/>
  </testcase> <!-- @BeforeTest setUp -->
  <testcase classname="basepkg.Basecls" name="@BeforeTest setUp" time="0.0">
    <ignored/>
  </testcase> <!-- @BeforeTest setUp -->
  <testcase classname="basepkg.Basecls" name="@BeforeTest setUp" time="0.0">
    <ignored/>
  </testcase> <!-- @BeforeTest setUp -->
  <testcase classname="basepkg.Basecls" name="@BeforeTest setUp" time="0.0">
    <ignored/>
  </testcase> <!-- @BeforeTest setUp -->
</testsuite> <!-- Test -->
