<?xml version="1.0" encoding="UTF-8"?>
<testng-results ignored="7" total="14" passed="7" failed="0" skipped="0">
  <reporter-output>
  </reporter-output>
  <suite started-at="2023-09-24T11:55:53 IST" name="Suite" finished-at="2023-09-24T11:57:41 IST" duration-ms="107891">
    <groups>
    </groups>
    <test started-at="2023-09-24T11:55:53 IST" name="Test" finished-at="2023-09-24T11:57:41 IST" duration-ms="107891">
      <class name="testpkg.RegistrationTest">
        <test-method signature="register()[pri:0, instance:testpkg.RegistrationTest@25ce9dc4]" started-at="2023-09-24T11:56:11 IST" name="register" finished-at="2023-09-24T11:56:26 IST" duration-ms="15157" status="PASS">
          <reporter-output>
          </reporter-output>
        </test-method> <!-- register -->
      </class> <!-- testpkg.RegistrationTest -->
      <class name="testpkg.LinkValidationTest">
        <test-method signature="linkVerification()[pri:0, instance:testpkg.LinkValidationTest@27406a17]" started-at="2023-09-24T11:57:30 IST" name="linkVerification" finished-at="2023-09-24T11:57:40 IST" duration-ms="9566" status="PASS">
          <reporter-output>
          </reporter-output>
        </test-method> <!-- linkVerification -->
      </class> <!-- testpkg.LinkValidationTest -->
      <class name="testpkg.LoginTest">
        <test-method signature="login()[pri:0, instance:testpkg.LoginTest@74ea2410]" started-at="2023-09-24T11:56:26 IST" name="login" finished-at="2023-09-24T11:56:50 IST" duration-ms="23767" status="PASS">
          <reporter-output>
          </reporter-output>
        </test-method> <!-- login -->
      </class> <!-- testpkg.LoginTest -->
      <class name="testpkg.ProductsearchTest">
        <test-method signature="seraching()[pri:0, instance:testpkg.ProductsearchTest@17f62e33]" started-at="2023-09-24T11:56:50 IST" name="seraching" finished-at="2023-09-24T11:57:15 IST" duration-ms="24519" status="PASS">
          <reporter-output>
          </reporter-output>
        </test-method> <!-- seraching -->
      </class> <!-- testpkg.ProductsearchTest -->
      <class name="basepkg.Basecls">
        <test-method is-config="true" signature="setUp()[pri:0, instance:basepkg.Basecls@46cdf8bd]" started-at="2023-09-24T11:55:53 IST" name="setUp" finished-at="2023-09-24T11:56:10 IST" duration-ms="16943" status="PASS">
          <reporter-output>
          </reporter-output>
        </test-method> <!-- setUp -->
      </class> <!-- basepkg.Basecls -->
      <class name="testpkg.CheckoutTest">
        <test-method signature="checkingOut()[pri:0, instance:testpkg.CheckoutTest@76b1e9b8]" started-at="2023-09-24T11:57:15 IST" name="checkingOut" finished-at="2023-09-24T11:57:30 IST" duration-ms="15327" status="PASS">
          <reporter-output>
          </reporter-output>
        </test-method> <!-- checkingOut -->
      </class> <!-- testpkg.CheckoutTest -->
      <class name="testpkg.ScreenshotTest">
        <test-method signature="testScrnShot()[pri:0, instance:testpkg.ScreenshotTest@2af004b]" started-at="2023-09-24T11:57:40 IST" name="testScrnShot" finished-at="2023-09-24T11:57:41 IST" duration-ms="1226" status="PASS">
          <reporter-output>
          </reporter-output>
        </test-method> <!-- testScrnShot -->
      </class> <!-- testpkg.ScreenshotTest -->
      <class name="testpkg.HomepageTest">
        <test-method signature="homeTest()[pri:0, instance:testpkg.HomepageTest@173ed316]" started-at="2023-09-24T11:56:10 IST" name="homeTest" finished-at="2023-09-24T11:56:11 IST" duration-ms="1104" status="PASS">
          <reporter-output>
          </reporter-output>
        </test-method> <!-- homeTest -->
      </class> <!-- testpkg.HomepageTest -->
    </test> <!-- Test -->
  </suite> <!-- Suite -->
</testng-results>
